[2026-06-16 11:18:16.649] [INFO] [Rank 3] [Engine] Inicializado rank 3 de 8 procesos
[2026-06-16 11:18:38.706] [INFO] [Rank 3] [Engine] Inicializado rank 3 de 4 procesos
[2026-06-16 11:19:56.000] [INFO] [Rank 3] [Engine] Inicializado rank 3 de 4 procesos
[2026-06-16 11:20:16.087] [INFO] [Rank 3] [Engine] Inicializado rank 3 de 4 procesos
[2026-06-16 11:20:34.545] [INFO] [Rank 3] [Engine] Inicializado rank 3 de 4 procesos
[2026-06-16 12:43:34.071] [INFO] [Rank 3] [Engine] Inicializado rank 3 de 4 procesos
[2026-06-16 12:44:02.653] [INFO] [Rank 3] [Engine] Inicializado rank 3 de 8 procesos
[2026-06-16 12:44:21.516] [INFO] [Rank 3] [Engine] Inicializado rank 3 de 4 procesos
[2026-06-16 12:44:53.046] [INFO] [Rank 3] [Engine] Inicializado rank 3 de 8 procesos
[2026-06-16 12:45:19.695] [INFO] [Rank 3] [Engine] Inicializado rank 3 de 4 procesos
[2026-06-16 16:34:57.822] [INFO] [Rank 3] [Engine] Inicializado rank 3 de 8 procesos
[2026-06-16 16:34:57.867] [INFO] [Rank 3] [Mapper] Map completado: Esquema de entrega del Documento final de  Proyecto corto_2025__2 Final | palabras=5335 | unicas=1533
[2026-06-16 16:35:14.983] [INFO] [Rank 3] [Engine] Inicializado rank 3 de 4 procesos
[2026-06-16 16:35:15.001] [INFO] [Rank 3] [Mapper] Map completado: Esquema de entrega del Documento final de  Proyecto corto_2025__2 Final | palabras=5335 | unicas=1533
[2026-06-16 16:35:15.002] [INFO] [Rank 3] [Mapper] Map completado: Ensayo_CUDA | palabras=991 | unicas=505
[2026-06-16 16:35:29.672] [INFO] [Rank 3] [Engine] Inicializado rank 3 de 8 procesos
[2026-06-16 16:35:29.701] [INFO] [Rank 3] [Mapper] Map completado: Esquema de entrega del Documento final de  Proyecto corto_2025__2 Final | palabras=5335 | unicas=1533
[2026-06-16 16:36:19.141] [INFO] [Rank 3] [Engine] Inicializado rank 3 de 4 procesos
[2026-06-16 16:36:19.159] [INFO] [Rank 3] [Mapper] Map completado: Esquema de entrega del Documento final de  Proyecto corto_2025__2 Final | palabras=5335 | unicas=1533
[2026-06-16 16:36:19.160] [INFO] [Rank 3] [Mapper] Map completado: Ensayo_CUDA | palabras=991 | unicas=505
[2026-06-16 16:36:52.042] [INFO] [Rank 3] [Engine] Inicializado rank 3 de 4 procesos
[2026-06-16 16:36:52.129] [INFO] [Rank 3] [Mapper] Map completado: Esquema de entrega del Documento final de  Proyecto corto_2025__2 Final | palabras=5335 | unicas=1533
[2026-06-16 16:36:52.131] [INFO] [Rank 3] [Mapper] Map completado: Ensayo_CUDA | palabras=991 | unicas=505
[2026-06-16 17:06:32.885] [INFO] [Rank 3] [Engine] Inicializado rank 3 de 4 procesos
[2026-06-16 17:06:32.910] [INFO] [Rank 3] [Mapper] Map completado: Esquema de entrega del Documento final de  Proyecto corto_2025__2 Final | palabras=5335 | unicas=1533
[2026-06-16 17:06:32.911] [INFO] [Rank 3] [Mapper] Map completado: Ensayo_CUDA | palabras=991 | unicas=505
[2026-06-16 17:08:36.456] [INFO] [Rank 3] [Engine] Inicializado rank 3 de 4 procesos
[2026-06-16 17:08:36.471] [INFO] [Rank 3] [Mapper] Map completado: Esquema de entrega del Documento final de  Proyecto corto_2025__2 Final | palabras=5335 | unicas=1533
[2026-06-16 17:08:36.473] [INFO] [Rank 3] [Mapper] Map completado: Ensayo_CUDA | palabras=991 | unicas=505
[2026-06-16 17:09:14.983] [INFO] [Rank 3] [Engine] Inicializado rank 3 de 4 procesos
[2026-06-16 17:09:15.015] [INFO] [Rank 3] [Mapper] Map completado: Esquema de entrega del Documento final de  Proyecto corto_2025__2 Final | palabras=5335 | unicas=1533
[2026-06-16 17:09:15.017] [INFO] [Rank 3] [Mapper] Map completado: Ensayo_CUDA | palabras=991 | unicas=505
[2026-06-16 17:09:30.718] [INFO] [Rank 3] [Engine] Inicializado rank 3 de 4 procesos
[2026-06-16 17:09:30.735] [INFO] [Rank 3] [Mapper] Map completado: Esquema de entrega del Documento final de  Proyecto corto_2025__2 Final | palabras=5335 | unicas=1533
[2026-06-16 17:09:30.736] [INFO] [Rank 3] [Mapper] Map completado: Ensayo_CUDA | palabras=991 | unicas=505
[2026-06-16 17:10:26.778] [INFO] [Rank 3] [Engine] Inicializado rank 3 de 4 procesos
[2026-06-16 17:10:26.792] [INFO] [Rank 3] [Mapper] Map completado: demo_doc_4 | palabras=12 | unicas=12
[2026-06-16 17:10:26.792] [INFO] [Rank 3] [Mapper] Map completado: demo_doc_8 | palabras=17 | unicas=17
[2026-06-16 17:10:26.792] [INFO] [Rank 3] [Mapper] Map completado: demo_doc_12 | palabras=16 | unicas=16
[2026-06-16 17:10:26.792] [INFO] [Rank 3] [Mapper] Map completado: demo_doc_16 | palabras=12 | unicas=12
[2026-06-16 17:10:26.792] [INFO] [Rank 3] [Mapper] Map completado: demo_doc_20 | palabras=17 | unicas=17
[2026-06-16 17:10:26.792] [INFO] [Rank 3] [Mapper] Map completado: demo_doc_24 | palabras=16 | unicas=16
[2026-06-16 17:10:26.792] [INFO] [Rank 3] [Mapper] Map completado: demo_doc_28 | palabras=12 | unicas=12
[2026-06-16 17:10:26.792] [INFO] [Rank 3] [Mapper] Map completado: demo_doc_32 | palabras=17 | unicas=17
[2026-06-16 17:10:26.792] [INFO] [Rank 3] [Mapper] Map completado: demo_doc_36 | palabras=16 | unicas=16
[2026-06-16 17:10:26.792] [INFO] [Rank 3] [Mapper] Map completado: demo_doc_40 | palabras=12 | unicas=12
[2026-06-16 17:10:26.792] [INFO] [Rank 3] [Mapper] Map completado: demo_doc_44 | palabras=17 | unicas=17
[2026-06-16 17:10:26.792] [INFO] [Rank 3] [Mapper] Map completado: demo_doc_48 | palabras=16 | unicas=16
[2026-06-16 17:10:26.792] [INFO] [Rank 3] [Mapper] Map completado: demo_doc_52 | palabras=12 | unicas=12
[2026-06-16 17:10:26.792] [INFO] [Rank 3] [Mapper] Map completado: demo_doc_56 | palabras=17 | unicas=17
[2026-06-16 17:10:26.793] [INFO] [Rank 3] [Mapper] Map completado: demo_doc_60 | palabras=16 | unicas=16
[2026-06-16 17:10:26.793] [INFO] [Rank 3] [Mapper] Map completado: demo_doc_64 | palabras=12 | unicas=12
[2026-06-16 17:10:26.793] [INFO] [Rank 3] [Mapper] Map completado: demo_doc_68 | palabras=17 | unicas=17
[2026-06-16 17:10:26.793] [INFO] [Rank 3] [Mapper] Map completado: demo_doc_72 | palabras=16 | unicas=16
[2026-06-16 17:10:26.793] [INFO] [Rank 3] [Mapper] Map completado: demo_doc_76 | palabras=12 | unicas=12
[2026-06-16 17:10:26.793] [INFO] [Rank 3] [Mapper] Map completado: demo_doc_80 | palabras=17 | unicas=17
[2026-06-16 17:10:26.793] [INFO] [Rank 3] [Mapper] Map completado: demo_doc_84 | palabras=16 | unicas=16
[2026-06-16 17:10:26.793] [INFO] [Rank 3] [Mapper] Map completado: demo_doc_88 | palabras=12 | unicas=12
[2026-06-16 17:10:42.083] [INFO] [Rank 3] [Engine] Inicializado rank 3 de 4 procesos
[2026-06-16 17:10:42.097] [INFO] [Rank 3] [Mapper] Map completado: demo_doc_4 | palabras=12 | unicas=12
[2026-06-16 17:10:42.098] [INFO] [Rank 3] [Mapper] Map completado: demo_doc_8 | palabras=17 | unicas=17
[2026-06-16 17:10:42.098] [INFO] [Rank 3] [Mapper] Map completado: demo_doc_12 | palabras=16 | unicas=16
[2026-06-16 17:10:42.098] [INFO] [Rank 3] [Mapper] Map completado: demo_doc_16 | palabras=12 | unicas=12
[2026-06-16 17:10:42.098] [INFO] [Rank 3] [Mapper] Map completado: demo_doc_20 | palabras=17 | unicas=17
[2026-06-16 17:10:42.098] [INFO] [Rank 3] [Mapper] Map completado: demo_doc_24 | palabras=16 | unicas=16
[2026-06-16 17:10:42.098] [INFO] [Rank 3] [Mapper] Map completado: demo_doc_28 | palabras=12 | unicas=12
[2026-06-16 17:10:42.098] [INFO] [Rank 3] [Mapper] Map completado: demo_doc_32 | palabras=17 | unicas=17
[2026-06-16 17:10:42.098] [INFO] [Rank 3] [Mapper] Map completado: demo_doc_36 | palabras=16 | unicas=16
[2026-06-16 17:10:42.098] [INFO] [Rank 3] [Mapper] Map completado: demo_doc_40 | palabras=12 | unicas=12
[2026-06-16 17:10:42.098] [INFO] [Rank 3] [Mapper] Map completado: demo_doc_44 | palabras=17 | unicas=17
[2026-06-16 17:10:42.098] [INFO] [Rank 3] [Mapper] Map completado: demo_doc_48 | palabras=16 | unicas=16
[2026-06-16 17:10:42.098] [INFO] [Rank 3] [Mapper] Map completado: demo_doc_52 | palabras=12 | unicas=12
[2026-06-16 17:10:42.098] [INFO] [Rank 3] [Mapper] Map completado: demo_doc_56 | palabras=17 | unicas=17
[2026-06-16 17:10:42.098] [INFO] [Rank 3] [Mapper] Map completado: demo_doc_60 | palabras=16 | unicas=16
[2026-06-16 17:10:42.099] [INFO] [Rank 3] [Mapper] Map completado: demo_doc_64 | palabras=12 | unicas=12
[2026-06-16 17:10:42.099] [INFO] [Rank 3] [Mapper] Map completado: demo_doc_68 | palabras=17 | unicas=17
[2026-06-16 17:10:42.099] [INFO] [Rank 3] [Mapper] Map completado: demo_doc_72 | palabras=16 | unicas=16
[2026-06-16 17:10:42.099] [INFO] [Rank 3] [Mapper] Map completado: demo_doc_76 | palabras=12 | unicas=12
[2026-06-16 17:10:42.099] [INFO] [Rank 3] [Mapper] Map completado: demo_doc_80 | palabras=17 | unicas=17
[2026-06-16 17:10:42.099] [INFO] [Rank 3] [Mapper] Map completado: demo_doc_84 | palabras=16 | unicas=16
[2026-06-16 17:10:42.099] [INFO] [Rank 3] [Mapper] Map completado: demo_doc_88 | palabras=12 | unicas=12
[2026-06-16 17:10:58.492] [INFO] [Rank 3] [Engine] Inicializado rank 3 de 4 procesos
[2026-06-16 17:10:58.507] [INFO] [Rank 3] [Mapper] Map completado: demo_doc_4 | palabras=12 | unicas=12
[2026-06-16 17:10:58.507] [INFO] [Rank 3] [Mapper] Map completado: demo_doc_8 | palabras=17 | unicas=17
[2026-06-16 17:10:58.507] [INFO] [Rank 3] [Mapper] Map completado: demo_doc_12 | palabras=16 | unicas=16
[2026-06-16 17:10:58.507] [INFO] [Rank 3] [Mapper] Map completado: demo_doc_16 | palabras=12 | unicas=12
[2026-06-16 17:10:58.507] [INFO] [Rank 3] [Mapper] Map completado: demo_doc_20 | palabras=17 | unicas=17
[2026-06-16 17:10:58.507] [INFO] [Rank 3] [Mapper] Map completado: demo_doc_24 | palabras=16 | unicas=16
[2026-06-16 17:10:58.507] [INFO] [Rank 3] [Mapper] Map completado: demo_doc_28 | palabras=12 | unicas=12
[2026-06-16 17:10:58.507] [INFO] [Rank 3] [Mapper] Map completado: demo_doc_32 | palabras=17 | unicas=17
[2026-06-16 17:10:58.507] [INFO] [Rank 3] [Mapper] Map completado: demo_doc_36 | palabras=16 | unicas=16
[2026-06-16 17:10:58.507] [INFO] [Rank 3] [Mapper] Map completado: demo_doc_40 | palabras=12 | unicas=12
[2026-06-16 17:10:58.507] [INFO] [Rank 3] [Mapper] Map completado: demo_doc_44 | palabras=17 | unicas=17
[2026-06-16 17:10:58.507] [INFO] [Rank 3] [Mapper] Map completado: demo_doc_48 | palabras=16 | unicas=16
[2026-06-16 17:10:58.507] [INFO] [Rank 3] [Mapper] Map completado: demo_doc_52 | palabras=12 | unicas=12
[2026-06-16 17:10:58.507] [INFO] [Rank 3] [Mapper] Map completado: demo_doc_56 | palabras=17 | unicas=17
[2026-06-16 17:10:58.507] [INFO] [Rank 3] [Mapper] Map completado: demo_doc_60 | palabras=16 | unicas=16
[2026-06-16 17:10:58.507] [INFO] [Rank 3] [Mapper] Map completado: demo_doc_64 | palabras=12 | unicas=12
[2026-06-16 17:10:58.507] [INFO] [Rank 3] [Mapper] Map completado: demo_doc_68 | palabras=17 | unicas=17
[2026-06-16 17:10:58.507] [INFO] [Rank 3] [Mapper] Map completado: demo_doc_72 | palabras=16 | unicas=16
[2026-06-16 17:10:58.507] [INFO] [Rank 3] [Mapper] Map completado: demo_doc_76 | palabras=12 | unicas=12
[2026-06-16 17:10:58.508] [INFO] [Rank 3] [Mapper] Map completado: demo_doc_80 | palabras=17 | unicas=17
[2026-06-16 17:10:58.508] [INFO] [Rank 3] [Mapper] Map completado: demo_doc_84 | palabras=16 | unicas=16
[2026-06-16 17:10:58.508] [INFO] [Rank 3] [Mapper] Map completado: demo_doc_88 | palabras=12 | unicas=12
[2026-06-16 17:11:44.265] [INFO] [Rank 3] [Engine] Inicializado rank 3 de 4 procesos
[2026-06-16 17:11:44.281] [INFO] [Rank 3] [Mapper] Map completado: demo_doc_4 | palabras=12 | unicas=12
[2026-06-16 17:11:44.281] [INFO] [Rank 3] [Mapper] Map completado: demo_doc_8 | palabras=17 | unicas=17
[2026-06-16 17:11:44.281] [INFO] [Rank 3] [Mapper] Map completado: demo_doc_12 | palabras=16 | unicas=16
[2026-06-16 17:11:44.281] [INFO] [Rank 3] [Mapper] Map completado: demo_doc_16 | palabras=12 | unicas=12
[2026-06-16 17:11:44.281] [INFO] [Rank 3] [Mapper] Map completado: demo_doc_20 | palabras=17 | unicas=17
[2026-06-16 17:11:44.281] [INFO] [Rank 3] [Mapper] Map completado: demo_doc_24 | palabras=16 | unicas=16
[2026-06-16 17:11:44.281] [INFO] [Rank 3] [Mapper] Map completado: demo_doc_28 | palabras=12 | unicas=12
[2026-06-16 17:11:44.281] [INFO] [Rank 3] [Mapper] Map completado: demo_doc_32 | palabras=17 | unicas=17
[2026-06-16 17:11:44.281] [INFO] [Rank 3] [Mapper] Map completado: demo_doc_36 | palabras=16 | unicas=16
[2026-06-16 17:11:44.281] [INFO] [Rank 3] [Mapper] Map completado: demo_doc_40 | palabras=12 | unicas=12
[2026-06-16 17:11:44.281] [INFO] [Rank 3] [Mapper] Map completado: demo_doc_44 | palabras=17 | unicas=17
[2026-06-16 17:11:44.281] [INFO] [Rank 3] [Mapper] Map completado: demo_doc_48 | palabras=16 | unicas=16
[2026-06-16 17:11:44.281] [INFO] [Rank 3] [Mapper] Map completado: demo_doc_52 | palabras=12 | unicas=12
[2026-06-16 17:11:44.281] [INFO] [Rank 3] [Mapper] Map completado: demo_doc_56 | palabras=17 | unicas=17
[2026-06-16 17:11:44.281] [INFO] [Rank 3] [Mapper] Map completado: demo_doc_60 | palabras=16 | unicas=16
[2026-06-16 17:11:44.281] [INFO] [Rank 3] [Mapper] Map completado: demo_doc_64 | palabras=12 | unicas=12
[2026-06-16 17:11:44.281] [INFO] [Rank 3] [Mapper] Map completado: demo_doc_68 | palabras=17 | unicas=17
[2026-06-16 17:11:44.281] [INFO] [Rank 3] [Mapper] Map completado: demo_doc_72 | palabras=16 | unicas=16
[2026-06-16 17:11:44.281] [INFO] [Rank 3] [Mapper] Map completado: demo_doc_76 | palabras=12 | unicas=12
[2026-06-16 17:11:44.281] [INFO] [Rank 3] [Mapper] Map completado: demo_doc_80 | palabras=17 | unicas=17
[2026-06-16 17:11:44.281] [INFO] [Rank 3] [Mapper] Map completado: demo_doc_84 | palabras=16 | unicas=16
[2026-06-16 17:11:44.281] [INFO] [Rank 3] [Mapper] Map completado: demo_doc_88 | palabras=12 | unicas=12
[2026-06-16 17:11:55.835] [INFO] [Rank 3] [Engine] Inicializado rank 3 de 4 procesos
[2026-06-16 17:11:55.851] [INFO] [Rank 3] [Mapper] Map completado: demo_doc_4 | palabras=12 | unicas=12
[2026-06-16 17:11:55.851] [INFO] [Rank 3] [Mapper] Map completado: demo_doc_8 | palabras=17 | unicas=17
[2026-06-16 17:11:55.851] [INFO] [Rank 3] [Mapper] Map completado: demo_doc_12 | palabras=16 | unicas=16
[2026-06-16 17:11:55.851] [INFO] [Rank 3] [Mapper] Map completado: demo_doc_16 | palabras=12 | unicas=12
[2026-06-16 17:11:55.852] [INFO] [Rank 3] [Mapper] Map completado: demo_doc_20 | palabras=17 | unicas=17
[2026-06-16 17:11:55.852] [INFO] [Rank 3] [Mapper] Map completado: demo_doc_24 | palabras=16 | unicas=16
[2026-06-16 17:11:55.852] [INFO] [Rank 3] [Mapper] Map completado: demo_doc_28 | palabras=12 | unicas=12
[2026-06-16 17:11:55.852] [INFO] [Rank 3] [Mapper] Map completado: demo_doc_32 | palabras=17 | unicas=17
[2026-06-16 17:11:55.852] [INFO] [Rank 3] [Mapper] Map completado: demo_doc_36 | palabras=16 | unicas=16
[2026-06-16 17:11:55.852] [INFO] [Rank 3] [Mapper] Map completado: demo_doc_40 | palabras=12 | unicas=12
[2026-06-16 17:11:55.852] [INFO] [Rank 3] [Mapper] Map completado: demo_doc_44 | palabras=17 | unicas=17
[2026-06-16 17:11:55.852] [INFO] [Rank 3] [Mapper] Map completado: demo_doc_48 | palabras=16 | unicas=16
[2026-06-16 17:11:55.852] [INFO] [Rank 3] [Mapper] Map completado: demo_doc_52 | palabras=12 | unicas=12
[2026-06-16 17:11:55.852] [INFO] [Rank 3] [Mapper] Map completado: demo_doc_56 | palabras=17 | unicas=17
[2026-06-16 17:11:55.852] [INFO] [Rank 3] [Mapper] Map completado: demo_doc_60 | palabras=16 | unicas=16
[2026-06-16 17:11:55.852] [INFO] [Rank 3] [Mapper] Map completado: demo_doc_64 | palabras=12 | unicas=12
[2026-06-16 17:11:55.852] [INFO] [Rank 3] [Mapper] Map completado: demo_doc_68 | palabras=17 | unicas=17
[2026-06-16 17:11:55.852] [INFO] [Rank 3] [Mapper] Map completado: demo_doc_72 | palabras=16 | unicas=16
[2026-06-16 17:11:55.853] [INFO] [Rank 3] [Mapper] Map completado: demo_doc_76 | palabras=12 | unicas=12
[2026-06-16 17:11:55.853] [INFO] [Rank 3] [Mapper] Map completado: demo_doc_80 | palabras=17 | unicas=17
[2026-06-16 17:11:55.853] [INFO] [Rank 3] [Mapper] Map completado: demo_doc_84 | palabras=16 | unicas=16
[2026-06-16 17:11:55.853] [INFO] [Rank 3] [Mapper] Map completado: demo_doc_88 | palabras=12 | unicas=12
[2026-06-16 17:20:10.513] [INFO] [Rank 3] [Engine] Inicializado rank 3 de 4 procesos
[2026-06-16 17:20:10.537] [INFO] [Rank 3] [Mapper] Map completado: demo_doc_4 | palabras=12 | unicas=12
[2026-06-16 17:20:10.537] [INFO] [Rank 3] [Mapper] Map completado: demo_doc_8 | palabras=17 | unicas=17
[2026-06-16 17:20:10.537] [INFO] [Rank 3] [Mapper] Map completado: demo_doc_12 | palabras=16 | unicas=16
[2026-06-16 17:20:10.537] [INFO] [Rank 3] [Mapper] Map completado: demo_doc_16 | palabras=12 | unicas=12
[2026-06-16 17:20:10.537] [INFO] [Rank 3] [Mapper] Map completado: demo_doc_20 | palabras=17 | unicas=17
[2026-06-16 17:20:10.537] [INFO] [Rank 3] [Mapper] Map completado: demo_doc_24 | palabras=16 | unicas=16
[2026-06-16 17:20:10.537] [INFO] [Rank 3] [Mapper] Map completado: demo_doc_28 | palabras=12 | unicas=12
[2026-06-16 17:20:10.537] [INFO] [Rank 3] [Mapper] Map completado: demo_doc_32 | palabras=17 | unicas=17
[2026-06-16 17:20:10.537] [INFO] [Rank 3] [Mapper] Map completado: demo_doc_36 | palabras=16 | unicas=16
[2026-06-16 17:20:10.537] [INFO] [Rank 3] [Mapper] Map completado: demo_doc_40 | palabras=12 | unicas=12
[2026-06-16 17:20:10.537] [INFO] [Rank 3] [Mapper] Map completado: demo_doc_44 | palabras=17 | unicas=17
[2026-06-16 17:20:10.538] [INFO] [Rank 3] [Mapper] Map completado: demo_doc_48 | palabras=16 | unicas=16
[2026-06-16 17:20:10.538] [INFO] [Rank 3] [Mapper] Map completado: demo_doc_52 | palabras=12 | unicas=12
[2026-06-16 17:20:10.538] [INFO] [Rank 3] [Mapper] Map completado: demo_doc_56 | palabras=17 | unicas=17
[2026-06-16 17:20:10.538] [INFO] [Rank 3] [Mapper] Map completado: demo_doc_60 | palabras=16 | unicas=16
[2026-06-16 17:20:10.538] [INFO] [Rank 3] [Mapper] Map completado: demo_doc_64 | palabras=12 | unicas=12
[2026-06-16 17:20:10.538] [INFO] [Rank 3] [Mapper] Map completado: demo_doc_68 | palabras=17 | unicas=17
[2026-06-16 17:20:10.538] [INFO] [Rank 3] [Mapper] Map completado: demo_doc_72 | palabras=16 | unicas=16
[2026-06-16 17:20:10.538] [INFO] [Rank 3] [Mapper] Map completado: demo_doc_76 | palabras=12 | unicas=12
[2026-06-16 17:20:10.538] [INFO] [Rank 3] [Mapper] Map completado: demo_doc_80 | palabras=17 | unicas=17
[2026-06-16 17:20:10.538] [INFO] [Rank 3] [Mapper] Map completado: demo_doc_84 | palabras=16 | unicas=16
[2026-06-16 17:20:10.538] [INFO] [Rank 3] [Mapper] Map completado: demo_doc_88 | palabras=12 | unicas=12
[2026-06-16 17:20:13.927] [INFO] [Rank 3] [Engine] Inicializado rank 3 de 4 procesos
[2026-06-16 17:20:13.945] [INFO] [Rank 3] [Mapper] Map completado: demo_doc_4 | palabras=12 | unicas=12
[2026-06-16 17:20:13.945] [INFO] [Rank 3] [Mapper] Map completado: demo_doc_8 | palabras=17 | unicas=17
[2026-06-16 17:20:13.945] [INFO] [Rank 3] [Mapper] Map completado: demo_doc_12 | palabras=16 | unicas=16
[2026-06-16 17:20:13.945] [INFO] [Rank 3] [Mapper] Map completado: demo_doc_16 | palabras=12 | unicas=12
[2026-06-16 17:20:13.945] [INFO] [Rank 3] [Mapper] Map completado: demo_doc_20 | palabras=17 | unicas=17
[2026-06-16 17:20:13.945] [INFO] [Rank 3] [Mapper] Map completado: demo_doc_24 | palabras=16 | unicas=16
[2026-06-16 17:20:13.945] [INFO] [Rank 3] [Mapper] Map completado: demo_doc_28 | palabras=12 | unicas=12
[2026-06-16 17:20:13.945] [INFO] [Rank 3] [Mapper] Map completado: demo_doc_32 | palabras=17 | unicas=17
[2026-06-16 17:20:13.945] [INFO] [Rank 3] [Mapper] Map completado: demo_doc_36 | palabras=16 | unicas=16
[2026-06-16 17:20:13.945] [INFO] [Rank 3] [Mapper] Map completado: demo_doc_40 | palabras=12 | unicas=12
[2026-06-16 17:20:13.945] [INFO] [Rank 3] [Mapper] Map completado: demo_doc_44 | palabras=17 | unicas=17
[2026-06-16 17:20:13.945] [INFO] [Rank 3] [Mapper] Map completado: demo_doc_48 | palabras=16 | unicas=16
[2026-06-16 17:20:13.945] [INFO] [Rank 3] [Mapper] Map completado: demo_doc_52 | palabras=12 | unicas=12
[2026-06-16 17:20:13.945] [INFO] [Rank 3] [Mapper] Map completado: demo_doc_56 | palabras=17 | unicas=17
[2026-06-16 17:20:13.945] [INFO] [Rank 3] [Mapper] Map completado: demo_doc_60 | palabras=16 | unicas=16
[2026-06-16 17:20:13.945] [INFO] [Rank 3] [Mapper] Map completado: demo_doc_64 | palabras=12 | unicas=12
[2026-06-16 17:20:13.945] [INFO] [Rank 3] [Mapper] Map completado: demo_doc_68 | palabras=17 | unicas=17
[2026-06-16 17:20:13.945] [INFO] [Rank 3] [Mapper] Map completado: demo_doc_72 | palabras=16 | unicas=16
[2026-06-16 17:20:13.946] [INFO] [Rank 3] [Mapper] Map completado: demo_doc_76 | palabras=12 | unicas=12
[2026-06-16 17:20:13.946] [INFO] [Rank 3] [Mapper] Map completado: demo_doc_80 | palabras=17 | unicas=17
[2026-06-16 17:20:13.946] [INFO] [Rank 3] [Mapper] Map completado: demo_doc_84 | palabras=16 | unicas=16
[2026-06-16 17:20:13.946] [INFO] [Rank 3] [Mapper] Map completado: demo_doc_88 | palabras=12 | unicas=12
[2026-06-16 17:55:21.113] [INFO] [Rank 3] [Engine] Inicializado rank 3 de 4 procesos
[2026-06-16 17:55:21.136] [INFO] [Rank 3] [Mapper] Map completado: demo_doc_4 | palabras=12 | unicas=12
[2026-06-16 17:55:21.136] [INFO] [Rank 3] [Mapper] Map completado: demo_doc_8 | palabras=17 | unicas=17
[2026-06-16 17:55:21.137] [INFO] [Rank 3] [Mapper] Map completado: demo_doc_12 | palabras=16 | unicas=16
[2026-06-16 17:55:21.137] [INFO] [Rank 3] [Mapper] Map completado: demo_doc_16 | palabras=12 | unicas=12
[2026-06-16 17:55:21.137] [INFO] [Rank 3] [Mapper] Map completado: demo_doc_20 | palabras=17 | unicas=17
[2026-06-16 17:55:21.137] [INFO] [Rank 3] [Mapper] Map completado: demo_doc_24 | palabras=16 | unicas=16
[2026-06-16 17:55:21.137] [INFO] [Rank 3] [Mapper] Map completado: demo_doc_28 | palabras=12 | unicas=12
[2026-06-16 17:55:21.137] [INFO] [Rank 3] [Mapper] Map completado: demo_doc_32 | palabras=17 | unicas=17
[2026-06-16 17:55:21.137] [INFO] [Rank 3] [Mapper] Map completado: demo_doc_36 | palabras=16 | unicas=16
[2026-06-16 17:55:21.137] [INFO] [Rank 3] [Mapper] Map completado: demo_doc_40 | palabras=12 | unicas=12
[2026-06-16 17:55:21.137] [INFO] [Rank 3] [Mapper] Map completado: demo_doc_44 | palabras=17 | unicas=17
[2026-06-16 17:55:21.137] [INFO] [Rank 3] [Mapper] Map completado: demo_doc_48 | palabras=16 | unicas=16
[2026-06-16 17:55:21.137] [INFO] [Rank 3] [Mapper] Map completado: demo_doc_52 | palabras=12 | unicas=12
[2026-06-16 17:55:21.137] [INFO] [Rank 3] [Mapper] Map completado: demo_doc_56 | palabras=17 | unicas=17
[2026-06-16 17:55:21.137] [INFO] [Rank 3] [Mapper] Map completado: demo_doc_60 | palabras=16 | unicas=16
[2026-06-16 17:55:21.137] [INFO] [Rank 3] [Mapper] Map completado: demo_doc_64 | palabras=12 | unicas=12
[2026-06-16 17:55:21.137] [INFO] [Rank 3] [Mapper] Map completado: demo_doc_68 | palabras=17 | unicas=17
[2026-06-16 17:55:21.137] [INFO] [Rank 3] [Mapper] Map completado: demo_doc_72 | palabras=16 | unicas=16
[2026-06-16 17:55:21.137] [INFO] [Rank 3] [Mapper] Map completado: demo_doc_76 | palabras=12 | unicas=12
[2026-06-16 17:55:21.137] [INFO] [Rank 3] [Mapper] Map completado: demo_doc_80 | palabras=17 | unicas=17
[2026-06-16 17:55:21.138] [INFO] [Rank 3] [Mapper] Map completado: demo_doc_84 | palabras=16 | unicas=16
[2026-06-16 17:55:21.138] [INFO] [Rank 3] [Mapper] Map completado: demo_doc_88 | palabras=12 | unicas=12
[2026-06-16 17:55:24.718] [INFO] [Rank 3] [Engine] Inicializado rank 3 de 4 procesos
[2026-06-16 17:55:24.732] [INFO] [Rank 3] [Mapper] Map completado: demo_doc_4 | palabras=12 | unicas=12
[2026-06-16 17:55:24.732] [INFO] [Rank 3] [Mapper] Map completado: demo_doc_8 | palabras=17 | unicas=17
[2026-06-16 17:55:24.732] [INFO] [Rank 3] [Mapper] Map completado: demo_doc_12 | palabras=16 | unicas=16
[2026-06-16 17:55:24.732] [INFO] [Rank 3] [Mapper] Map completado: demo_doc_16 | palabras=12 | unicas=12
[2026-06-16 17:55:24.732] [INFO] [Rank 3] [Mapper] Map completado: demo_doc_20 | palabras=17 | unicas=17
[2026-06-16 17:55:24.732] [INFO] [Rank 3] [Mapper] Map completado: demo_doc_24 | palabras=16 | unicas=16
[2026-06-16 17:55:24.732] [INFO] [Rank 3] [Mapper] Map completado: demo_doc_28 | palabras=12 | unicas=12
[2026-06-16 17:55:24.732] [INFO] [Rank 3] [Mapper] Map completado: demo_doc_32 | palabras=17 | unicas=17
[2026-06-16 17:55:24.732] [INFO] [Rank 3] [Mapper] Map completado: demo_doc_36 | palabras=16 | unicas=16
[2026-06-16 17:55:24.732] [INFO] [Rank 3] [Mapper] Map completado: demo_doc_40 | palabras=12 | unicas=12
[2026-06-16 17:55:24.733] [INFO] [Rank 3] [Mapper] Map completado: demo_doc_44 | palabras=17 | unicas=17
[2026-06-16 17:55:24.733] [INFO] [Rank 3] [Mapper] Map completado: demo_doc_48 | palabras=16 | unicas=16
[2026-06-16 17:55:24.733] [INFO] [Rank 3] [Mapper] Map completado: demo_doc_52 | palabras=12 | unicas=12
[2026-06-16 17:55:24.733] [INFO] [Rank 3] [Mapper] Map completado: demo_doc_56 | palabras=17 | unicas=17
[2026-06-16 17:55:24.733] [INFO] [Rank 3] [Mapper] Map completado: demo_doc_60 | palabras=16 | unicas=16
[2026-06-16 17:55:24.733] [INFO] [Rank 3] [Mapper] Map completado: demo_doc_64 | palabras=12 | unicas=12
[2026-06-16 17:55:24.733] [INFO] [Rank 3] [Mapper] Map completado: demo_doc_68 | palabras=17 | unicas=17
[2026-06-16 17:55:24.733] [INFO] [Rank 3] [Mapper] Map completado: demo_doc_72 | palabras=16 | unicas=16
[2026-06-16 17:55:24.733] [INFO] [Rank 3] [Mapper] Map completado: demo_doc_76 | palabras=12 | unicas=12
[2026-06-16 17:55:24.733] [INFO] [Rank 3] [Mapper] Map completado: demo_doc_80 | palabras=17 | unicas=17
[2026-06-16 17:55:24.733] [INFO] [Rank 3] [Mapper] Map completado: demo_doc_84 | palabras=16 | unicas=16
[2026-06-16 17:55:24.734] [INFO] [Rank 3] [Mapper] Map completado: demo_doc_88 | palabras=12 | unicas=12
[2026-06-16 17:55:29.617] [INFO] [Rank 3] [Engine] Inicializado rank 3 de 4 procesos
[2026-06-16 17:55:29.635] [INFO] [Rank 3] [Mapper] Map completado: demo_doc_4 | palabras=12 | unicas=12
[2026-06-16 17:55:29.635] [INFO] [Rank 3] [Mapper] Map completado: demo_doc_8 | palabras=17 | unicas=17
[2026-06-16 17:55:29.635] [INFO] [Rank 3] [Mapper] Map completado: demo_doc_12 | palabras=16 | unicas=16
[2026-06-16 17:55:29.635] [INFO] [Rank 3] [Mapper] Map completado: demo_doc_16 | palabras=12 | unicas=12
[2026-06-16 17:55:29.636] [INFO] [Rank 3] [Mapper] Map completado: demo_doc_20 | palabras=17 | unicas=17
[2026-06-16 17:55:29.636] [INFO] [Rank 3] [Mapper] Map completado: demo_doc_24 | palabras=16 | unicas=16
[2026-06-16 17:55:29.636] [INFO] [Rank 3] [Mapper] Map completado: demo_doc_28 | palabras=12 | unicas=12
[2026-06-16 17:55:29.636] [INFO] [Rank 3] [Mapper] Map completado: demo_doc_32 | palabras=17 | unicas=17
[2026-06-16 17:55:29.636] [INFO] [Rank 3] [Mapper] Map completado: demo_doc_36 | palabras=16 | unicas=16
[2026-06-16 17:55:29.636] [INFO] [Rank 3] [Mapper] Map completado: demo_doc_40 | palabras=12 | unicas=12
[2026-06-16 17:55:29.636] [INFO] [Rank 3] [Mapper] Map completado: demo_doc_44 | palabras=17 | unicas=17
[2026-06-16 17:55:29.636] [INFO] [Rank 3] [Mapper] Map completado: demo_doc_48 | palabras=16 | unicas=16
[2026-06-16 17:55:29.636] [INFO] [Rank 3] [Mapper] Map completado: demo_doc_52 | palabras=12 | unicas=12
[2026-06-16 17:55:29.636] [INFO] [Rank 3] [Mapper] Map completado: demo_doc_56 | palabras=17 | unicas=17
[2026-06-16 17:55:29.636] [INFO] [Rank 3] [Mapper] Map completado: demo_doc_60 | palabras=16 | unicas=16
[2026-06-16 17:55:29.636] [INFO] [Rank 3] [Mapper] Map completado: demo_doc_64 | palabras=12 | unicas=12
[2026-06-16 17:55:29.636] [INFO] [Rank 3] [Mapper] Map completado: demo_doc_68 | palabras=17 | unicas=17
[2026-06-16 17:55:29.636] [INFO] [Rank 3] [Mapper] Map completado: demo_doc_72 | palabras=16 | unicas=16
[2026-06-16 17:55:29.636] [INFO] [Rank 3] [Mapper] Map completado: demo_doc_76 | palabras=12 | unicas=12
[2026-06-16 17:55:29.636] [INFO] [Rank 3] [Mapper] Map completado: demo_doc_80 | palabras=17 | unicas=17
[2026-06-16 17:55:29.636] [INFO] [Rank 3] [Mapper] Map completado: demo_doc_84 | palabras=16 | unicas=16
[2026-06-16 17:55:29.636] [INFO] [Rank 3] [Mapper] Map completado: demo_doc_88 | palabras=12 | unicas=12
[2026-06-16 17:55:30.198] [INFO] [Rank 3] [Engine] Inicializado rank 3 de 4 procesos
[2026-06-16 17:55:30.211] [INFO] [Rank 3] [Mapper] Map completado: demo_doc_4 | palabras=12 | unicas=12
[2026-06-16 17:55:30.212] [INFO] [Rank 3] [Mapper] Map completado: demo_doc_8 | palabras=17 | unicas=17
[2026-06-16 17:55:30.212] [INFO] [Rank 3] [Mapper] Map completado: demo_doc_12 | palabras=16 | unicas=16
[2026-06-16 17:55:30.212] [INFO] [Rank 3] [Mapper] Map completado: demo_doc_16 | palabras=12 | unicas=12
[2026-06-16 17:55:30.212] [INFO] [Rank 3] [Mapper] Map completado: demo_doc_20 | palabras=17 | unicas=17
[2026-06-16 17:55:30.212] [INFO] [Rank 3] [Mapper] Map completado: demo_doc_24 | palabras=16 | unicas=16
[2026-06-16 17:55:30.212] [INFO] [Rank 3] [Mapper] Map completado: demo_doc_28 | palabras=12 | unicas=12
[2026-06-16 17:55:30.212] [INFO] [Rank 3] [Mapper] Map completado: demo_doc_32 | palabras=17 | unicas=17
[2026-06-16 17:55:30.212] [INFO] [Rank 3] [Mapper] Map completado: demo_doc_36 | palabras=16 | unicas=16
[2026-06-16 17:55:30.212] [INFO] [Rank 3] [Mapper] Map completado: demo_doc_40 | palabras=12 | unicas=12
[2026-06-16 17:55:30.212] [INFO] [Rank 3] [Mapper] Map completado: demo_doc_44 | palabras=17 | unicas=17
[2026-06-16 17:55:30.212] [INFO] [Rank 3] [Mapper] Map completado: demo_doc_48 | palabras=16 | unicas=16
[2026-06-16 17:55:30.212] [INFO] [Rank 3] [Mapper] Map completado: demo_doc_52 | palabras=12 | unicas=12
[2026-06-16 17:55:30.212] [INFO] [Rank 3] [Mapper] Map completado: demo_doc_56 | palabras=17 | unicas=17
[2026-06-16 17:55:30.212] [INFO] [Rank 3] [Mapper] Map completado: demo_doc_60 | palabras=16 | unicas=16
[2026-06-16 17:55:30.212] [INFO] [Rank 3] [Mapper] Map completado: demo_doc_64 | palabras=12 | unicas=12
[2026-06-16 17:55:30.212] [INFO] [Rank 3] [Mapper] Map completado: demo_doc_68 | palabras=17 | unicas=17
[2026-06-16 17:55:30.213] [INFO] [Rank 3] [Mapper] Map completado: demo_doc_72 | palabras=16 | unicas=16
[2026-06-16 17:55:30.213] [INFO] [Rank 3] [Mapper] Map completado: demo_doc_76 | palabras=12 | unicas=12
[2026-06-16 17:55:30.213] [INFO] [Rank 3] [Mapper] Map completado: demo_doc_80 | palabras=17 | unicas=17
[2026-06-16 17:55:30.213] [INFO] [Rank 3] [Mapper] Map completado: demo_doc_84 | palabras=16 | unicas=16
[2026-06-16 17:55:30.213] [INFO] [Rank 3] [Mapper] Map completado: demo_doc_88 | palabras=12 | unicas=12
[2026-06-16 17:55:30.384] [INFO] [Rank 3] [Engine] Inicializado rank 3 de 4 procesos
[2026-06-16 17:55:30.396] [INFO] [Rank 3] [Mapper] Map completado: demo_doc_4 | palabras=12 | unicas=12
[2026-06-16 17:55:30.396] [INFO] [Rank 3] [Mapper] Map completado: demo_doc_8 | palabras=17 | unicas=17
[2026-06-16 17:55:30.396] [INFO] [Rank 3] [Mapper] Map completado: demo_doc_12 | palabras=16 | unicas=16
[2026-06-16 17:55:30.396] [INFO] [Rank 3] [Mapper] Map completado: demo_doc_16 | palabras=12 | unicas=12
[2026-06-16 17:55:30.396] [INFO] [Rank 3] [Mapper] Map completado: demo_doc_20 | palabras=17 | unicas=17
[2026-06-16 17:55:30.397] [INFO] [Rank 3] [Mapper] Map completado: demo_doc_24 | palabras=16 | unicas=16
[2026-06-16 17:55:30.397] [INFO] [Rank 3] [Mapper] Map completado: demo_doc_28 | palabras=12 | unicas=12
[2026-06-16 17:55:30.397] [INFO] [Rank 3] [Mapper] Map completado: demo_doc_32 | palabras=17 | unicas=17
[2026-06-16 17:55:30.397] [INFO] [Rank 3] [Mapper] Map completado: demo_doc_36 | palabras=16 | unicas=16
[2026-06-16 17:55:30.397] [INFO] [Rank 3] [Mapper] Map completado: demo_doc_40 | palabras=12 | unicas=12
[2026-06-16 17:55:30.397] [INFO] [Rank 3] [Mapper] Map completado: demo_doc_44 | palabras=17 | unicas=17
[2026-06-16 17:55:30.397] [INFO] [Rank 3] [Mapper] Map completado: demo_doc_48 | palabras=16 | unicas=16
[2026-06-16 17:55:30.397] [INFO] [Rank 3] [Mapper] Map completado: demo_doc_52 | palabras=12 | unicas=12
[2026-06-16 17:55:30.397] [INFO] [Rank 3] [Mapper] Map completado: demo_doc_56 | palabras=17 | unicas=17
[2026-06-16 17:55:30.397] [INFO] [Rank 3] [Mapper] Map completado: demo_doc_60 | palabras=16 | unicas=16
[2026-06-16 17:55:30.397] [INFO] [Rank 3] [Mapper] Map completado: demo_doc_64 | palabras=12 | unicas=12
[2026-06-16 17:55:30.397] [INFO] [Rank 3] [Mapper] Map completado: demo_doc_68 | palabras=17 | unicas=17
[2026-06-16 17:55:30.397] [INFO] [Rank 3] [Mapper] Map completado: demo_doc_72 | palabras=16 | unicas=16
[2026-06-16 17:55:30.397] [INFO] [Rank 3] [Mapper] Map completado: demo_doc_76 | palabras=12 | unicas=12
[2026-06-16 17:55:30.397] [INFO] [Rank 3] [Mapper] Map completado: demo_doc_80 | palabras=17 | unicas=17
[2026-06-16 17:55:30.397] [INFO] [Rank 3] [Mapper] Map completado: demo_doc_84 | palabras=16 | unicas=16
[2026-06-16 17:55:30.397] [INFO] [Rank 3] [Mapper] Map completado: demo_doc_88 | palabras=12 | unicas=12
[2026-06-16 17:55:30.583] [INFO] [Rank 3] [Engine] Inicializado rank 3 de 4 procesos
[2026-06-16 17:55:30.597] [INFO] [Rank 3] [Mapper] Map completado: demo_doc_4 | palabras=12 | unicas=12
[2026-06-16 17:55:30.597] [INFO] [Rank 3] [Mapper] Map completado: demo_doc_8 | palabras=17 | unicas=17
[2026-06-16 17:55:30.597] [INFO] [Rank 3] [Mapper] Map completado: demo_doc_12 | palabras=16 | unicas=16
[2026-06-16 17:55:30.597] [INFO] [Rank 3] [Mapper] Map completado: demo_doc_16 | palabras=12 | unicas=12
[2026-06-16 17:55:30.597] [INFO] [Rank 3] [Mapper] Map completado: demo_doc_20 | palabras=17 | unicas=17
[2026-06-16 17:55:30.598] [INFO] [Rank 3] [Mapper] Map completado: demo_doc_24 | palabras=16 | unicas=16
[2026-06-16 17:55:30.598] [INFO] [Rank 3] [Mapper] Map completado: demo_doc_28 | palabras=12 | unicas=12
[2026-06-16 17:55:30.598] [INFO] [Rank 3] [Mapper] Map completado: demo_doc_32 | palabras=17 | unicas=17
[2026-06-16 17:55:30.598] [INFO] [Rank 3] [Mapper] Map completado: demo_doc_36 | palabras=16 | unicas=16
[2026-06-16 17:55:30.598] [INFO] [Rank 3] [Mapper] Map completado: demo_doc_40 | palabras=12 | unicas=12
[2026-06-16 17:55:30.598] [INFO] [Rank 3] [Mapper] Map completado: demo_doc_44 | palabras=17 | unicas=17
[2026-06-16 17:55:30.598] [INFO] [Rank 3] [Mapper] Map completado: demo_doc_48 | palabras=16 | unicas=16
[2026-06-16 17:55:30.598] [INFO] [Rank 3] [Mapper] Map completado: demo_doc_52 | palabras=12 | unicas=12
[2026-06-16 17:55:30.598] [INFO] [Rank 3] [Mapper] Map completado: demo_doc_56 | palabras=17 | unicas=17
[2026-06-16 17:55:30.598] [INFO] [Rank 3] [Mapper] Map completado: demo_doc_60 | palabras=16 | unicas=16
[2026-06-16 17:55:30.598] [INFO] [Rank 3] [Mapper] Map completado: demo_doc_64 | palabras=12 | unicas=12
[2026-06-16 17:55:30.598] [INFO] [Rank 3] [Mapper] Map completado: demo_doc_68 | palabras=17 | unicas=17
[2026-06-16 17:55:30.598] [INFO] [Rank 3] [Mapper] Map completado: demo_doc_72 | palabras=16 | unicas=16
[2026-06-16 17:55:30.598] [INFO] [Rank 3] [Mapper] Map completado: demo_doc_76 | palabras=12 | unicas=12
[2026-06-16 17:55:30.598] [INFO] [Rank 3] [Mapper] Map completado: demo_doc_80 | palabras=17 | unicas=17
[2026-06-16 17:55:30.598] [INFO] [Rank 3] [Mapper] Map completado: demo_doc_84 | palabras=16 | unicas=16
[2026-06-16 17:55:30.598] [INFO] [Rank 3] [Mapper] Map completado: demo_doc_88 | palabras=12 | unicas=12
[2026-06-16 17:55:32.535] [INFO] [Rank 3] [Engine] Inicializado rank 3 de 4 procesos
[2026-06-16 17:55:32.549] [INFO] [Rank 3] [Mapper] Map completado: demo_doc_4 | palabras=12 | unicas=12
[2026-06-16 17:55:32.549] [INFO] [Rank 3] [Mapper] Map completado: demo_doc_8 | palabras=17 | unicas=17
[2026-06-16 17:55:32.549] [INFO] [Rank 3] [Mapper] Map completado: demo_doc_12 | palabras=16 | unicas=16
[2026-06-16 17:55:32.549] [INFO] [Rank 3] [Mapper] Map completado: demo_doc_16 | palabras=12 | unicas=12
[2026-06-16 17:55:32.549] [INFO] [Rank 3] [Mapper] Map completado: demo_doc_20 | palabras=17 | unicas=17
[2026-06-16 17:55:32.549] [INFO] [Rank 3] [Mapper] Map completado: demo_doc_24 | palabras=16 | unicas=16
[2026-06-16 17:55:32.549] [INFO] [Rank 3] [Mapper] Map completado: demo_doc_28 | palabras=12 | unicas=12
[2026-06-16 17:55:32.549] [INFO] [Rank 3] [Mapper] Map completado: demo_doc_32 | palabras=17 | unicas=17
[2026-06-16 17:55:32.549] [INFO] [Rank 3] [Mapper] Map completado: demo_doc_36 | palabras=16 | unicas=16
[2026-06-16 17:55:32.549] [INFO] [Rank 3] [Mapper] Map completado: demo_doc_40 | palabras=12 | unicas=12
[2026-06-16 17:55:32.549] [INFO] [Rank 3] [Mapper] Map completado: demo_doc_44 | palabras=17 | unicas=17
[2026-06-16 17:55:32.549] [INFO] [Rank 3] [Mapper] Map completado: demo_doc_48 | palabras=16 | unicas=16
[2026-06-16 17:55:32.549] [INFO] [Rank 3] [Mapper] Map completado: demo_doc_52 | palabras=12 | unicas=12
[2026-06-16 17:55:32.549] [INFO] [Rank 3] [Mapper] Map completado: demo_doc_56 | palabras=17 | unicas=17
[2026-06-16 17:55:32.550] [INFO] [Rank 3] [Mapper] Map completado: demo_doc_60 | palabras=16 | unicas=16
[2026-06-16 17:55:32.550] [INFO] [Rank 3] [Mapper] Map completado: demo_doc_64 | palabras=12 | unicas=12
[2026-06-16 17:55:32.550] [INFO] [Rank 3] [Mapper] Map completado: demo_doc_68 | palabras=17 | unicas=17
[2026-06-16 17:55:32.550] [INFO] [Rank 3] [Mapper] Map completado: demo_doc_72 | palabras=16 | unicas=16
[2026-06-16 17:55:32.550] [INFO] [Rank 3] [Mapper] Map completado: demo_doc_76 | palabras=12 | unicas=12
[2026-06-16 17:55:32.550] [INFO] [Rank 3] [Mapper] Map completado: demo_doc_80 | palabras=17 | unicas=17
[2026-06-16 17:55:32.550] [INFO] [Rank 3] [Mapper] Map completado: demo_doc_84 | palabras=16 | unicas=16
[2026-06-16 17:55:32.550] [INFO] [Rank 3] [Mapper] Map completado: demo_doc_88 | palabras=12 | unicas=12
[2026-06-16 17:55:40.279] [INFO] [Rank 3] [Engine] Inicializado rank 3 de 4 procesos
[2026-06-16 17:55:40.300] [INFO] [Rank 3] [Mapper] Map completado: demo_doc_4 | palabras=12 | unicas=12
[2026-06-16 17:55:40.300] [INFO] [Rank 3] [Mapper] Map completado: demo_doc_8 | palabras=17 | unicas=17
[2026-06-16 17:55:40.300] [INFO] [Rank 3] [Mapper] Map completado: demo_doc_12 | palabras=16 | unicas=16
[2026-06-16 17:55:40.300] [INFO] [Rank 3] [Mapper] Map completado: demo_doc_16 | palabras=12 | unicas=12
[2026-06-16 17:55:40.300] [INFO] [Rank 3] [Mapper] Map completado: demo_doc_20 | palabras=17 | unicas=17
[2026-06-16 17:55:40.301] [INFO] [Rank 3] [Mapper] Map completado: demo_doc_24 | palabras=16 | unicas=16
[2026-06-16 17:55:40.301] [INFO] [Rank 3] [Mapper] Map completado: demo_doc_28 | palabras=12 | unicas=12
[2026-06-16 17:55:40.301] [INFO] [Rank 3] [Mapper] Map completado: demo_doc_32 | palabras=17 | unicas=17
[2026-06-16 17:55:40.301] [INFO] [Rank 3] [Mapper] Map completado: demo_doc_36 | palabras=16 | unicas=16
[2026-06-16 17:55:40.301] [INFO] [Rank 3] [Mapper] Map completado: demo_doc_40 | palabras=12 | unicas=12
[2026-06-16 17:55:40.301] [INFO] [Rank 3] [Mapper] Map completado: demo_doc_44 | palabras=17 | unicas=17
[2026-06-16 17:55:40.301] [INFO] [Rank 3] [Mapper] Map completado: demo_doc_48 | palabras=16 | unicas=16
[2026-06-16 17:55:40.301] [INFO] [Rank 3] [Mapper] Map completado: demo_doc_52 | palabras=12 | unicas=12
[2026-06-16 17:55:40.301] [INFO] [Rank 3] [Mapper] Map completado: demo_doc_56 | palabras=17 | unicas=17
[2026-06-16 17:55:40.301] [INFO] [Rank 3] [Mapper] Map completado: demo_doc_60 | palabras=16 | unicas=16
[2026-06-16 17:55:40.301] [INFO] [Rank 3] [Mapper] Map completado: demo_doc_64 | palabras=12 | unicas=12
[2026-06-16 17:55:40.301] [INFO] [Rank 3] [Mapper] Map completado: demo_doc_68 | palabras=17 | unicas=17
[2026-06-16 17:55:40.301] [INFO] [Rank 3] [Mapper] Map completado: demo_doc_72 | palabras=16 | unicas=16
[2026-06-16 17:55:40.301] [INFO] [Rank 3] [Mapper] Map completado: demo_doc_76 | palabras=12 | unicas=12
[2026-06-16 17:55:40.301] [INFO] [Rank 3] [Mapper] Map completado: demo_doc_80 | palabras=17 | unicas=17
[2026-06-16 17:55:40.301] [INFO] [Rank 3] [Mapper] Map completado: demo_doc_84 | palabras=16 | unicas=16
[2026-06-16 17:55:40.301] [INFO] [Rank 3] [Mapper] Map completado: demo_doc_88 | palabras=12 | unicas=12
[2026-06-16 17:58:58.948] [INFO] [Rank 3] [Engine] Inicializado rank 3 de 4 procesos
[2026-06-16 17:58:58.966] [INFO] [Rank 3] [Mapper] Map completado: demo_doc_4 | palabras=12 | unicas=12
[2026-06-16 17:58:58.966] [INFO] [Rank 3] [Mapper] Map completado: demo_doc_8 | palabras=17 | unicas=17
[2026-06-16 17:58:58.966] [INFO] [Rank 3] [Mapper] Map completado: demo_doc_12 | palabras=16 | unicas=16
[2026-06-16 17:58:58.967] [INFO] [Rank 3] [Mapper] Map completado: demo_doc_16 | palabras=12 | unicas=12
[2026-06-16 17:58:58.967] [INFO] [Rank 3] [Mapper] Map completado: demo_doc_20 | palabras=17 | unicas=17
[2026-06-16 17:58:58.967] [INFO] [Rank 3] [Mapper] Map completado: demo_doc_24 | palabras=16 | unicas=16
[2026-06-16 17:58:58.968] [INFO] [Rank 3] [Mapper] Map completado: demo_doc_28 | palabras=12 | unicas=12
[2026-06-16 17:58:58.968] [INFO] [Rank 3] [Mapper] Map completado: demo_doc_32 | palabras=17 | unicas=17
[2026-06-16 17:58:58.969] [INFO] [Rank 3] [Mapper] Map completado: demo_doc_36 | palabras=16 | unicas=16
[2026-06-16 17:58:58.969] [INFO] [Rank 3] [Mapper] Map completado: demo_doc_40 | palabras=12 | unicas=12
[2026-06-16 17:58:58.970] [INFO] [Rank 3] [Mapper] Map completado: demo_doc_44 | palabras=17 | unicas=17
[2026-06-16 17:58:58.970] [INFO] [Rank 3] [Mapper] Map completado: demo_doc_48 | palabras=16 | unicas=16
[2026-06-16 17:58:58.971] [INFO] [Rank 3] [Mapper] Map completado: demo_doc_52 | palabras=12 | unicas=12
[2026-06-16 17:58:58.976] [INFO] [Rank 3] [Mapper] Map completado: demo_doc_56 | palabras=17 | unicas=17
[2026-06-16 17:58:58.977] [INFO] [Rank 3] [Mapper] Map completado: demo_doc_60 | palabras=16 | unicas=16
[2026-06-16 17:58:58.978] [INFO] [Rank 3] [Mapper] Map completado: demo_doc_64 | palabras=12 | unicas=12
[2026-06-16 17:58:58.979] [INFO] [Rank 3] [Mapper] Map completado: demo_doc_68 | palabras=17 | unicas=17
[2026-06-16 17:58:58.980] [INFO] [Rank 3] [Mapper] Map completado: demo_doc_72 | palabras=16 | unicas=16
[2026-06-16 17:58:58.980] [INFO] [Rank 3] [Mapper] Map completado: demo_doc_76 | palabras=12 | unicas=12
[2026-06-16 17:58:58.980] [INFO] [Rank 3] [Mapper] Map completado: demo_doc_80 | palabras=17 | unicas=17
[2026-06-16 17:58:58.980] [INFO] [Rank 3] [Mapper] Map completado: demo_doc_84 | palabras=16 | unicas=16
[2026-06-16 17:58:58.980] [INFO] [Rank 3] [Mapper] Map completado: demo_doc_88 | palabras=12 | unicas=12
[2026-06-16 17:59:13.634] [INFO] [Rank 3] [Engine] Inicializado rank 3 de 4 procesos
[2026-06-16 17:59:13.650] [INFO] [Rank 3] [Mapper] Map completado: demo_doc_4 | palabras=12 | unicas=12
[2026-06-16 17:59:13.650] [INFO] [Rank 3] [Mapper] Map completado: demo_doc_8 | palabras=17 | unicas=17
[2026-06-16 17:59:13.650] [INFO] [Rank 3] [Mapper] Map completado: demo_doc_12 | palabras=16 | unicas=16
[2026-06-16 17:59:13.650] [INFO] [Rank 3] [Mapper] Map completado: demo_doc_16 | palabras=12 | unicas=12
[2026-06-16 17:59:13.650] [INFO] [Rank 3] [Mapper] Map completado: demo_doc_20 | palabras=17 | unicas=17
[2026-06-16 17:59:13.651] [INFO] [Rank 3] [Mapper] Map completado: demo_doc_24 | palabras=16 | unicas=16
[2026-06-16 17:59:13.651] [INFO] [Rank 3] [Mapper] Map completado: demo_doc_28 | palabras=12 | unicas=12
[2026-06-16 17:59:13.651] [INFO] [Rank 3] [Mapper] Map completado: demo_doc_32 | palabras=17 | unicas=17
[2026-06-16 17:59:13.651] [INFO] [Rank 3] [Mapper] Map completado: demo_doc_36 | palabras=16 | unicas=16
[2026-06-16 17:59:13.651] [INFO] [Rank 3] [Mapper] Map completado: demo_doc_40 | palabras=12 | unicas=12
[2026-06-16 17:59:13.651] [INFO] [Rank 3] [Mapper] Map completado: demo_doc_44 | palabras=17 | unicas=17
[2026-06-16 17:59:13.651] [INFO] [Rank 3] [Mapper] Map completado: demo_doc_48 | palabras=16 | unicas=16
[2026-06-16 17:59:13.651] [INFO] [Rank 3] [Mapper] Map completado: demo_doc_52 | palabras=12 | unicas=12
[2026-06-16 17:59:13.651] [INFO] [Rank 3] [Mapper] Map completado: demo_doc_56 | palabras=17 | unicas=17
[2026-06-16 17:59:13.651] [INFO] [Rank 3] [Mapper] Map completado: demo_doc_60 | palabras=16 | unicas=16
[2026-06-16 17:59:13.651] [INFO] [Rank 3] [Mapper] Map completado: demo_doc_64 | palabras=12 | unicas=12
[2026-06-16 17:59:13.651] [INFO] [Rank 3] [Mapper] Map completado: demo_doc_68 | palabras=17 | unicas=17
[2026-06-16 17:59:13.651] [INFO] [Rank 3] [Mapper] Map completado: demo_doc_72 | palabras=16 | unicas=16
[2026-06-16 17:59:13.651] [INFO] [Rank 3] [Mapper] Map completado: demo_doc_76 | palabras=12 | unicas=12
[2026-06-16 17:59:13.651] [INFO] [Rank 3] [Mapper] Map completado: demo_doc_80 | palabras=17 | unicas=17
[2026-06-16 17:59:13.651] [INFO] [Rank 3] [Mapper] Map completado: demo_doc_84 | palabras=16 | unicas=16
[2026-06-16 17:59:13.651] [INFO] [Rank 3] [Mapper] Map completado: demo_doc_88 | palabras=12 | unicas=12
[2026-06-16 17:59:22.947] [INFO] [Rank 3] [Engine] Inicializado rank 3 de 4 procesos
[2026-06-16 17:59:22.961] [INFO] [Rank 3] [Mapper] Map completado: demo_doc_4 | palabras=12 | unicas=12
[2026-06-16 17:59:22.961] [INFO] [Rank 3] [Mapper] Map completado: demo_doc_8 | palabras=17 | unicas=17
[2026-06-16 17:59:22.961] [INFO] [Rank 3] [Mapper] Map completado: demo_doc_12 | palabras=16 | unicas=16
[2026-06-16 17:59:22.962] [INFO] [Rank 3] [Mapper] Map completado: demo_doc_16 | palabras=12 | unicas=12
[2026-06-16 17:59:22.962] [INFO] [Rank 3] [Mapper] Map completado: demo_doc_20 | palabras=17 | unicas=17
[2026-06-16 17:59:22.962] [INFO] [Rank 3] [Mapper] Map completado: demo_doc_24 | palabras=16 | unicas=16
[2026-06-16 17:59:22.962] [INFO] [Rank 3] [Mapper] Map completado: demo_doc_28 | palabras=12 | unicas=12
[2026-06-16 17:59:22.962] [INFO] [Rank 3] [Mapper] Map completado: demo_doc_32 | palabras=17 | unicas=17
[2026-06-16 17:59:22.962] [INFO] [Rank 3] [Mapper] Map completado: demo_doc_36 | palabras=16 | unicas=16
[2026-06-16 17:59:22.962] [INFO] [Rank 3] [Mapper] Map completado: demo_doc_40 | palabras=12 | unicas=12
[2026-06-16 17:59:22.962] [INFO] [Rank 3] [Mapper] Map completado: demo_doc_44 | palabras=17 | unicas=17
[2026-06-16 17:59:22.962] [INFO] [Rank 3] [Mapper] Map completado: demo_doc_48 | palabras=16 | unicas=16
[2026-06-16 17:59:22.962] [INFO] [Rank 3] [Mapper] Map completado: demo_doc_52 | palabras=12 | unicas=12
[2026-06-16 17:59:22.962] [INFO] [Rank 3] [Mapper] Map completado: demo_doc_56 | palabras=17 | unicas=17
[2026-06-16 17:59:22.962] [INFO] [Rank 3] [Mapper] Map completado: demo_doc_60 | palabras=16 | unicas=16
[2026-06-16 17:59:22.962] [INFO] [Rank 3] [Mapper] Map completado: demo_doc_64 | palabras=12 | unicas=12
[2026-06-16 17:59:22.962] [INFO] [Rank 3] [Mapper] Map completado: demo_doc_68 | palabras=17 | unicas=17
[2026-06-16 17:59:22.962] [INFO] [Rank 3] [Mapper] Map completado: demo_doc_72 | palabras=16 | unicas=16
[2026-06-16 17:59:22.962] [INFO] [Rank 3] [Mapper] Map completado: demo_doc_76 | palabras=12 | unicas=12
[2026-06-16 17:59:22.963] [INFO] [Rank 3] [Mapper] Map completado: demo_doc_80 | palabras=17 | unicas=17
[2026-06-16 17:59:22.963] [INFO] [Rank 3] [Mapper] Map completado: demo_doc_84 | palabras=16 | unicas=16
[2026-06-16 17:59:22.963] [INFO] [Rank 3] [Mapper] Map completado: demo_doc_88 | palabras=12 | unicas=12
[2026-06-16 18:01:18.295] [INFO] [Rank 3] [Engine] Inicializado rank 3 de 4 procesos
[2026-06-16 18:01:18.317] [INFO] [Rank 3] [Mapper] Map completado: demo_doc_4 | palabras=12 | unicas=12
[2026-06-16 18:01:18.317] [INFO] [Rank 3] [Mapper] Map completado: demo_doc_8 | palabras=17 | unicas=17
[2026-06-16 18:01:18.317] [INFO] [Rank 3] [Mapper] Map completado: demo_doc_12 | palabras=16 | unicas=16
[2026-06-16 18:01:18.317] [INFO] [Rank 3] [Mapper] Map completado: demo_doc_16 | palabras=12 | unicas=12
[2026-06-16 18:01:18.318] [INFO] [Rank 3] [Mapper] Map completado: demo_doc_20 | palabras=17 | unicas=17
[2026-06-16 18:01:18.318] [INFO] [Rank 3] [Mapper] Map completado: demo_doc_24 | palabras=16 | unicas=16
[2026-06-16 18:01:18.319] [INFO] [Rank 3] [Mapper] Map completado: demo_doc_28 | palabras=12 | unicas=12
[2026-06-16 18:01:18.319] [INFO] [Rank 3] [Mapper] Map completado: demo_doc_32 | palabras=17 | unicas=17
[2026-06-16 18:01:18.320] [INFO] [Rank 3] [Mapper] Map completado: demo_doc_36 | palabras=16 | unicas=16
[2026-06-16 18:01:18.320] [INFO] [Rank 3] [Mapper] Map completado: demo_doc_40 | palabras=12 | unicas=12
[2026-06-16 18:01:18.321] [INFO] [Rank 3] [Mapper] Map completado: demo_doc_44 | palabras=17 | unicas=17
[2026-06-16 18:01:18.322] [INFO] [Rank 3] [Mapper] Map completado: demo_doc_48 | palabras=16 | unicas=16
[2026-06-16 18:01:18.323] [INFO] [Rank 3] [Mapper] Map completado: demo_doc_52 | palabras=12 | unicas=12
[2026-06-16 18:01:18.324] [INFO] [Rank 3] [Mapper] Map completado: demo_doc_56 | palabras=17 | unicas=17
[2026-06-16 18:01:18.325] [INFO] [Rank 3] [Mapper] Map completado: demo_doc_60 | palabras=16 | unicas=16
[2026-06-16 18:01:18.326] [INFO] [Rank 3] [Mapper] Map completado: demo_doc_64 | palabras=12 | unicas=12
[2026-06-16 18:01:18.327] [INFO] [Rank 3] [Mapper] Map completado: demo_doc_68 | palabras=17 | unicas=17
[2026-06-16 18:01:18.329] [INFO] [Rank 3] [Mapper] Map completado: demo_doc_72 | palabras=16 | unicas=16
[2026-06-16 18:01:18.329] [INFO] [Rank 3] [Mapper] Map completado: demo_doc_76 | palabras=12 | unicas=12
[2026-06-16 18:01:18.329] [INFO] [Rank 3] [Mapper] Map completado: demo_doc_80 | palabras=17 | unicas=17
[2026-06-16 18:01:18.329] [INFO] [Rank 3] [Mapper] Map completado: demo_doc_84 | palabras=16 | unicas=16
[2026-06-16 18:01:18.329] [INFO] [Rank 3] [Mapper] Map completado: demo_doc_88 | palabras=12 | unicas=12
[2026-06-16 18:01:24.816] [INFO] [Rank 3] [Engine] Inicializado rank 3 de 4 procesos
[2026-06-16 18:01:24.838] [INFO] [Rank 3] [Mapper] Map completado: demo_doc_4 | palabras=12 | unicas=12
[2026-06-16 18:01:24.838] [INFO] [Rank 3] [Mapper] Map completado: demo_doc_8 | palabras=17 | unicas=17
[2026-06-16 18:01:24.838] [INFO] [Rank 3] [Mapper] Map completado: demo_doc_12 | palabras=16 | unicas=16
[2026-06-16 18:01:24.838] [INFO] [Rank 3] [Mapper] Map completado: demo_doc_16 | palabras=12 | unicas=12
[2026-06-16 18:01:24.838] [INFO] [Rank 3] [Mapper] Map completado: demo_doc_20 | palabras=17 | unicas=17
[2026-06-16 18:01:24.838] [INFO] [Rank 3] [Mapper] Map completado: demo_doc_24 | palabras=16 | unicas=16
[2026-06-16 18:01:24.838] [INFO] [Rank 3] [Mapper] Map completado: demo_doc_28 | palabras=12 | unicas=12
[2026-06-16 18:01:24.838] [INFO] [Rank 3] [Mapper] Map completado: demo_doc_32 | palabras=17 | unicas=17
[2026-06-16 18:01:24.838] [INFO] [Rank 3] [Mapper] Map completado: demo_doc_36 | palabras=16 | unicas=16
[2026-06-16 18:01:24.838] [INFO] [Rank 3] [Mapper] Map completado: demo_doc_40 | palabras=12 | unicas=12
[2026-06-16 18:01:24.839] [INFO] [Rank 3] [Mapper] Map completado: demo_doc_44 | palabras=17 | unicas=17
[2026-06-16 18:01:24.839] [INFO] [Rank 3] [Mapper] Map completado: demo_doc_48 | palabras=16 | unicas=16
[2026-06-16 18:01:24.839] [INFO] [Rank 3] [Mapper] Map completado: demo_doc_52 | palabras=12 | unicas=12
[2026-06-16 18:01:24.839] [INFO] [Rank 3] [Mapper] Map completado: demo_doc_56 | palabras=17 | unicas=17
[2026-06-16 18:01:24.839] [INFO] [Rank 3] [Mapper] Map completado: demo_doc_60 | palabras=16 | unicas=16
[2026-06-16 18:01:24.839] [INFO] [Rank 3] [Mapper] Map completado: demo_doc_64 | palabras=12 | unicas=12
[2026-06-16 18:01:24.839] [INFO] [Rank 3] [Mapper] Map completado: demo_doc_68 | palabras=17 | unicas=17
[2026-06-16 18:01:24.839] [INFO] [Rank 3] [Mapper] Map completado: demo_doc_72 | palabras=16 | unicas=16
[2026-06-16 18:01:24.839] [INFO] [Rank 3] [Mapper] Map completado: demo_doc_76 | palabras=12 | unicas=12
[2026-06-16 18:01:24.839] [INFO] [Rank 3] [Mapper] Map completado: demo_doc_80 | palabras=17 | unicas=17
[2026-06-16 18:01:24.839] [INFO] [Rank 3] [Mapper] Map completado: demo_doc_84 | palabras=16 | unicas=16
[2026-06-16 18:01:24.839] [INFO] [Rank 3] [Mapper] Map completado: demo_doc_88 | palabras=12 | unicas=12
[2026-06-16 18:01:26.906] [INFO] [Rank 3] [Engine] Inicializado rank 3 de 4 procesos
[2026-06-16 18:01:26.924] [INFO] [Rank 3] [Mapper] Map completado: demo_doc_4 | palabras=12 | unicas=12
[2026-06-16 18:01:26.925] [INFO] [Rank 3] [Mapper] Map completado: demo_doc_8 | palabras=17 | unicas=17
[2026-06-16 18:01:26.925] [INFO] [Rank 3] [Mapper] Map completado: demo_doc_12 | palabras=16 | unicas=16
[2026-06-16 18:01:26.925] [INFO] [Rank 3] [Mapper] Map completado: demo_doc_16 | palabras=12 | unicas=12
[2026-06-16 18:01:26.925] [INFO] [Rank 3] [Mapper] Map completado: demo_doc_20 | palabras=17 | unicas=17
[2026-06-16 18:01:26.925] [INFO] [Rank 3] [Mapper] Map completado: demo_doc_24 | palabras=16 | unicas=16
[2026-06-16 18:01:26.925] [INFO] [Rank 3] [Mapper] Map completado: demo_doc_28 | palabras=12 | unicas=12
[2026-06-16 18:01:26.925] [INFO] [Rank 3] [Mapper] Map completado: demo_doc_32 | palabras=17 | unicas=17
[2026-06-16 18:01:26.925] [INFO] [Rank 3] [Mapper] Map completado: demo_doc_36 | palabras=16 | unicas=16
[2026-06-16 18:01:26.925] [INFO] [Rank 3] [Mapper] Map completado: demo_doc_40 | palabras=12 | unicas=12
[2026-06-16 18:01:26.926] [INFO] [Rank 3] [Mapper] Map completado: demo_doc_44 | palabras=17 | unicas=17
[2026-06-16 18:01:26.926] [INFO] [Rank 3] [Mapper] Map completado: demo_doc_48 | palabras=16 | unicas=16
[2026-06-16 18:01:26.926] [INFO] [Rank 3] [Mapper] Map completado: demo_doc_52 | palabras=12 | unicas=12
[2026-06-16 18:01:26.926] [INFO] [Rank 3] [Mapper] Map completado: demo_doc_56 | palabras=17 | unicas=17
[2026-06-16 18:01:26.926] [INFO] [Rank 3] [Mapper] Map completado: demo_doc_60 | palabras=16 | unicas=16
[2026-06-16 18:01:26.926] [INFO] [Rank 3] [Mapper] Map completado: demo_doc_64 | palabras=12 | unicas=12
[2026-06-16 18:01:26.926] [INFO] [Rank 3] [Mapper] Map completado: demo_doc_68 | palabras=17 | unicas=17
[2026-06-16 18:01:26.926] [INFO] [Rank 3] [Mapper] Map completado: demo_doc_72 | palabras=16 | unicas=16
[2026-06-16 18:01:26.926] [INFO] [Rank 3] [Mapper] Map completado: demo_doc_76 | palabras=12 | unicas=12
[2026-06-16 18:01:26.926] [INFO] [Rank 3] [Mapper] Map completado: demo_doc_80 | palabras=17 | unicas=17
[2026-06-16 18:01:26.926] [INFO] [Rank 3] [Mapper] Map completado: demo_doc_84 | palabras=16 | unicas=16
[2026-06-16 18:01:26.926] [INFO] [Rank 3] [Mapper] Map completado: demo_doc_88 | palabras=12 | unicas=12
[2026-06-16 18:01:29.695] [INFO] [Rank 3] [Engine] Inicializado rank 3 de 4 procesos
[2026-06-16 18:01:29.728] [INFO] [Rank 3] [Mapper] Map completado: demo_doc_4 | palabras=12 | unicas=12
[2026-06-16 18:01:29.728] [INFO] [Rank 3] [Mapper] Map completado: demo_doc_8 | palabras=17 | unicas=17
[2026-06-16 18:01:29.728] [INFO] [Rank 3] [Mapper] Map completado: demo_doc_12 | palabras=16 | unicas=16
[2026-06-16 18:01:29.728] [INFO] [Rank 3] [Mapper] Map completado: demo_doc_16 | palabras=12 | unicas=12
[2026-06-16 18:01:29.728] [INFO] [Rank 3] [Mapper] Map completado: demo_doc_20 | palabras=17 | unicas=17
[2026-06-16 18:01:29.728] [INFO] [Rank 3] [Mapper] Map completado: demo_doc_24 | palabras=16 | unicas=16
[2026-06-16 18:01:29.728] [INFO] [Rank 3] [Mapper] Map completado: demo_doc_28 | palabras=12 | unicas=12
[2026-06-16 18:01:29.728] [INFO] [Rank 3] [Mapper] Map completado: demo_doc_32 | palabras=17 | unicas=17
[2026-06-16 18:01:29.728] [INFO] [Rank 3] [Mapper] Map completado: demo_doc_36 | palabras=16 | unicas=16
[2026-06-16 18:01:29.729] [INFO] [Rank 3] [Mapper] Map completado: demo_doc_40 | palabras=12 | unicas=12
[2026-06-16 18:01:29.729] [INFO] [Rank 3] [Mapper] Map completado: demo_doc_44 | palabras=17 | unicas=17
[2026-06-16 18:01:29.729] [INFO] [Rank 3] [Mapper] Map completado: demo_doc_48 | palabras=16 | unicas=16
[2026-06-16 18:01:29.729] [INFO] [Rank 3] [Mapper] Map completado: demo_doc_52 | palabras=12 | unicas=12
[2026-06-16 18:01:29.729] [INFO] [Rank 3] [Mapper] Map completado: demo_doc_56 | palabras=17 | unicas=17
[2026-06-16 18:01:29.729] [INFO] [Rank 3] [Mapper] Map completado: demo_doc_60 | palabras=16 | unicas=16
[2026-06-16 18:01:29.729] [INFO] [Rank 3] [Mapper] Map completado: demo_doc_64 | palabras=12 | unicas=12
[2026-06-16 18:01:29.729] [INFO] [Rank 3] [Mapper] Map completado: demo_doc_68 | palabras=17 | unicas=17
[2026-06-16 18:01:29.729] [INFO] [Rank 3] [Mapper] Map completado: demo_doc_72 | palabras=16 | unicas=16
[2026-06-16 18:01:29.729] [INFO] [Rank 3] [Mapper] Map completado: demo_doc_76 | palabras=12 | unicas=12
[2026-06-16 18:01:29.729] [INFO] [Rank 3] [Mapper] Map completado: demo_doc_80 | palabras=17 | unicas=17
[2026-06-16 18:01:29.729] [INFO] [Rank 3] [Mapper] Map completado: demo_doc_84 | palabras=16 | unicas=16
[2026-06-16 18:01:29.729] [INFO] [Rank 3] [Mapper] Map completado: demo_doc_88 | palabras=12 | unicas=12
